Message from stage 1   Message [messageId=1, senderId=Hardik, receiverId=Shaunak, amount=1000]
Message from stage 1   Message [messageId=2, senderId=Shaunak, receiverId=Dhananjay, amount=2000]
Message from stage 1   Message [messageId=1, senderId=Hardik, receiverId=Shaunak, amount=1000]
Message from stage 1   Message [messageId=3, senderId=Dhananjay, receiverId=Chirag, amount=3000]
Message from stage 1   Message [messageId=4, senderId=Chirag, receiverId=Juhi, amount=4000]
Message from stage 1   Message [messageId=5, senderId=Juhi, receiverId=Hardik, amount=5000]
Message from stage 1   Message [messageId=2, senderId=Shaunak, receiverId=Dhananjay, amount=2000]
Message from stage 1   Message [messageId=3, senderId=Dhananjay, receiverId=Chirag, amount=3000]
Message from stage 1   Message [messageId=4, senderId=Chirag, receiverId=Juhi, amount=4000]
Message from stage 1   Message [messageId=5, senderId=Juhi, receiverId=Hardik, amount=5000]
Message from stage 1   Message [messageId=1, senderId=Hardik, receiverId=Shaunak, amount=1000]
Message from stage 1   Message [messageId=2, senderId=Shaunak, receiverId=Dhananjay, amount=2000]
Message from stage 1   Message [messageId=3, senderId=Dhananjay, receiverId=Chirag, amount=3000]
Message from stage 1   Message [messageId=4, senderId=Chirag, receiverId=Juhi, amount=4000]
Message from stage 1   Message [messageId=5, senderId=Juhi, receiverId=Hardik, amount=5000]
Message from stage 1   Message [messageId=1, senderId=Hardik, receiverId=Shaunak, amount=1000]
Message from stage 1   Message [messageId=2, senderId=Shaunak, receiverId=Dhananjay, amount=2000]
Message from stage 1   Message [messageId=3, senderId=Dhananjay, receiverId=Chirag, amount=3000]
Message from stage 1   Message [messageId=4, senderId=Chirag, receiverId=Juhi, amount=4000]
Message from stage 1   Message [messageId=5, senderId=Juhi, receiverId=Hardik, amount=5000]
